This is pdfTeX, Version 3.1415926-1.40.10 (TeX Live 2009) (format=latex 2009.11.7)  6 JUL 2011 10:12
entering extended mode
 %&-line parsing enabled.
**manual_axisem1.0
(./manual_axisem1.0.tex
LaTeX2e <2009/09/24>
Babel <v3.8l> and hyphenation patterns for english, usenglishmax, dumylang, noh
yphenation, german-x-2009-06-19, ngerman-x-2009-06-19, ancientgreek, ibycus, ar
abic, basque, bulgarian, catalan, pinyin, coptic, croatian, czech, danish, dutc
h, esperanto, estonian, farsi, finnish, french, galician, german, ngerman, mono
greek, greek, hungarian, icelandic, indonesian, interlingua, irish, italian, ku
rmanji, latin, latvian, lithuanian, mongolian, mongolian2a, bokmal, nynorsk, po
lish, portuguese, romanian, russian, sanskrit, serbian, slovak, slovenian, span
ish, swedish, turkish, ukenglish, ukrainian, uppersorbian, welsh, loaded.
(/usr/local/texlive/2009/texmf-dist/tex/latex/base/article.cls
Document Class: article 2007/10/19 v1.4h Standard LaTeX document class
(/usr/local/texlive/2009/texmf-dist/tex/latex/base/fleqn.clo
File: fleqn.clo 1998/08/17 v1.1c Standard LaTeX option (flush left equations)
\mathindent=\dimen102
)
(/usr/local/texlive/2009/texmf-dist/tex/latex/base/size11.clo
File: size11.clo 2007/10/19 v1.4h Standard LaTeX file (size option)
)
\c@part=\count79
\c@section=\count80
\c@subsection=\count81
\c@subsubsection=\count82
\c@paragraph=\count83
\c@subparagraph=\count84
\c@figure=\count85
\c@table=\count86
\abovecaptionskip=\skip41
\belowcaptionskip=\skip42
\bibindent=\dimen103
)
(/usr/local/texlive/2009/texmf-dist/tex/latex/ntgclass/a4.sty
Package: a4 2004/04/15 v1.2g A4 based page layout
)
(/usr/local/texlive/2009/texmf-dist/tex/generic/babel/babel.sty
Package: babel 2008/07/06 v3.8l The Babel package

(/usr/local/texlive/2009/texmf-dist/tex/generic/babel/english.ldf
Language: english 2005/03/30 v3.3o English support from the babel system

(/usr/local/texlive/2009/texmf-dist/tex/generic/babel/babel.def
File: babel.def 2008/07/06 v3.8l Babel common definitions
\babel@savecnt=\count87
\U@D=\dimen104
)
\l@canadian = a dialect from \language\l@american 
\l@australian = a dialect from \language\l@british 
\l@newzealand = a dialect from \language\l@british 
))
(/usr/local/texlive/2009/texmf-dist/tex/generic/german/german.sty
v2.5e 1998-07-08
Package: german 1998/07/08 v2.5e Support for writing german texts (br)
\grmnU@D=\dimen105
LaTeX Info: Redefining \glqq on input line 251.
LaTeX Info: Redefining \glq on input line 264.
LaTeX Info: Redefining \flqq on input line 277.
LaTeX Info: Redefining \frqq on input line 285.
LaTeX Info: Redefining \flq on input line 293.
LaTeX Info: Redefining \frq on input line 300.
german -- \language number for Austrian undefined, default 24 used.
)
(/usr/local/texlive/2009/texmf-dist/tex/latex/rotating/rotating.sty
Package: rotating 2009/03/28 v2.16a rotated objects in LaTeX

(/usr/local/texlive/2009/texmf-dist/tex/latex/graphics/graphicx.sty
Package: graphicx 1999/02/16 v1.0f Enhanced LaTeX Graphics (DPC,SPQR)

(/usr/local/texlive/2009/texmf-dist/tex/latex/graphics/keyval.sty
Package: keyval 1999/03/16 v1.13 key=value parser (DPC)
\KV@toks@=\toks14
)
(/usr/local/texlive/2009/texmf-dist/tex/latex/graphics/graphics.sty
Package: graphics 2009/02/05 v1.0o Standard LaTeX Graphics (DPC,SPQR)

(/usr/local/texlive/2009/texmf-dist/tex/latex/graphics/trig.sty
Package: trig 1999/03/16 v1.09 sin cos tan (DPC)
)
(/usr/local/texlive/2009/texmf-dist/tex/latex/latexconfig/graphics.cfg
File: graphics.cfg 2009/08/28 v1.8 graphics configuration of TeX Live
)
Package graphics Info: Driver file: dvips.def on input line 91.

(/usr/local/texlive/2009/texmf-dist/tex/latex/graphics/dvips.def
File: dvips.def 1999/02/16 v3.0i Driver-dependant file (DPC,SPQR)
))
\Gin@req@height=\dimen106
\Gin@req@width=\dimen107
)
(/usr/local/texlive/2009/texmf-dist/tex/latex/base/ifthen.sty
Package: ifthen 2001/05/26 v1.1c Standard LaTeX ifthen package (DPC)
)
\c@r@tfl@t=\count88
\rotFPtop=\skip43
\rotFPbot=\skip44
\rot@float@box=\box26
\rot@mess@toks=\toks15
)
(/usr/local/texlive/2009/texmf-dist/tex/latex/umlaute/umlaute.sty
Package: umlaute 2006/01/29 v2.1 umlaute package (AS)


Package umlaute Warning: This package has been superseeded by the `inputenc' pa
ckage on input line 32.

(/usr/local/texlive/2009/texmf-dist/tex/latex/base/inputenc.sty
Package: inputenc 2008/03/30 v1.1d Input encoding file
\inpenc@prehook=\toks16
\inpenc@posthook=\toks17
))
(/usr/local/texlive/2009/texmf-dist/tex/latex/amsmath/amsmath.sty
Package: amsmath 2000/07/18 v2.13 AMS math features
\@mathmargin=\skip45

For additional information on amsmath, use the `?' option.
(/usr/local/texlive/2009/texmf-dist/tex/latex/amsmath/amstext.sty
Package: amstext 2000/06/29 v2.01

(/usr/local/texlive/2009/texmf-dist/tex/latex/amsmath/amsgen.sty
File: amsgen.sty 1999/11/30 v2.0
\@emptytoks=\toks18
\ex@=\dimen108
))
(/usr/local/texlive/2009/texmf-dist/tex/latex/amsmath/amsbsy.sty
Package: amsbsy 1999/11/29 v1.2d
\pmbraise@=\dimen109
)
(/usr/local/texlive/2009/texmf-dist/tex/latex/amsmath/amsopn.sty
Package: amsopn 1999/12/14 v2.01 operator names
)
\inf@bad=\count89
LaTeX Info: Redefining \frac on input line 211.
\uproot@=\count90
\leftroot@=\count91
LaTeX Info: Redefining \overline on input line 307.
\classnum@=\count92
\DOTSCASE@=\count93
LaTeX Info: Redefining \ldots on input line 379.
LaTeX Info: Redefining \dots on input line 382.
LaTeX Info: Redefining \cdots on input line 467.
\Mathstrutbox@=\box27
\strutbox@=\box28
\big@size=\dimen110
LaTeX Font Info:    Redeclaring font encoding OML on input line 567.
LaTeX Font Info:    Redeclaring font encoding OMS on input line 568.
\macc@depth=\count94
\c@MaxMatrixCols=\count95
\dotsspace@=\muskip10
\c@parentequation=\count96
\dspbrk@lvl=\count97
\tag@help=\toks19
\row@=\count98
\column@=\count99
\maxfields@=\count100
\andhelp@=\toks20
\eqnshift@=\dimen111
\alignsep@=\dimen112
\tagshift@=\dimen113
\tagwidth@=\dimen114
\totwidth@=\dimen115
\lineht@=\dimen116
\@envbody=\toks21
\multlinegap=\skip46
\multlinetaggap=\skip47
\mathdisplay@stack=\toks22
LaTeX Info: Redefining \[ on input line 2666.
LaTeX Info: Redefining \] on input line 2667.
)
(/usr/local/texlive/2009/texmf-dist/tex/latex/amsfonts/amssymb.sty
Package: amssymb 2009/06/22 v3.00

(/usr/local/texlive/2009/texmf-dist/tex/latex/amsfonts/amsfonts.sty
Package: amsfonts 2009/06/22 v3.00 Basic AMSFonts support
\symAMSa=\mathgroup4
\symAMSb=\mathgroup5
LaTeX Font Info:    Overwriting math alphabet `\mathfrak' in version `bold'
(Font)                  U/euf/m/n --> U/euf/b/n on input line 96.
))
(/usr/local/texlive/2009/texmf-dist/tex/latex/natbib/natbib.sty
Package: natbib 2009/07/16 8.31 (PWD, AO)
\bibhang=\skip48
\bibsep=\skip49
LaTeX Info: Redefining \cite on input line 694.
\c@NAT@ctr=\count101
)
(/usr/local/texlive/2009/texmf-dist/tex/latex/setspace/setspace.sty
Package: setspace 2000/12/01 6.7 Contributed and Supported LaTeX2e package

Package: `setspace' 6.7 <2000/12/01>
) (/usr/local/texlive/2009/texmf-dist/tex/latex/geometry/geometry.sty
Package: geometry 2008/12/21 v4.2 Page Geometry

(/usr/local/texlive/2009/texmf-dist/tex/generic/oberdiek/ifpdf.sty
Package: ifpdf 2009/04/10 v2.0 Provides the ifpdf switch (HO)
Package ifpdf Info: pdfTeX in pdf mode not detected.
)
(/usr/local/texlive/2009/texmf-dist/tex/generic/oberdiek/ifvtex.sty
Package: ifvtex 2008/11/04 v1.4 Switches for detecting VTeX and its modes (HO)
Package ifvtex Info: VTeX not detected.
)
\Gm@cnth=\count102
\Gm@cntv=\count103
\c@Gm@tempcnt=\count104
\Gm@bindingoffset=\dimen117
\Gm@wd@mp=\dimen118
\Gm@odd@mp=\dimen119
\Gm@even@mp=\dimen120
\Gm@dimlist=\toks23

(/usr/local/texlive/2009/texmf-dist/tex/xelatex/xetexconfig/geometry.cfg))
(/usr/local/texlive/2009/texmf-dist/tex/latex/graphics/epsfig.sty
Package: epsfig 1999/02/16 v1.7a (e)psfig emulation (SPQR)
\epsfxsize=\dimen121
\epsfysize=\dimen122
)
(/usr/local/texlive/2009/texmf-dist/tex/latex/graphics/color.sty
Package: color 2005/11/14 v1.0j Standard LaTeX Color (DPC)

(/usr/local/texlive/2009/texmf-dist/tex/latex/latexconfig/color.cfg
File: color.cfg 2007/01/18 v1.5 color configuration of teTeX/TeXLive
)
Package color Info: Driver file: dvips.def on input line 130.

(/usr/local/texlive/2009/texmf-dist/tex/latex/graphics/dvipsnam.def
File: dvipsnam.def 1999/02/16 v3.0i Driver-dependant file (DPC,SPQR)
))
(/usr/local/texlive/2009/texmf-dist/tex/latex/amsfonts/eucal.sty
Package: eucal 2009/06/22 v3.00 Euler Script fonts
LaTeX Font Info:    Overwriting math alphabet `\EuScript' in version `bold'
(Font)                  U/eus/m/n --> U/eus/b/n on input line 33.
)
(/usr/local/texlive/2009/texmf-dist/tex/latex/fancyhdr/fancyhdr.sty
\fancy@headwidth=\skip50
\f@ncyO@elh=\skip51
\f@ncyO@erh=\skip52
\f@ncyO@olh=\skip53
\f@ncyO@orh=\skip54
\f@ncyO@elf=\skip55
\f@ncyO@erf=\skip56
\f@ncyO@olf=\skip57
\f@ncyO@orf=\skip58
)
(/usr/local/texlive/2009/texmf-dist/tex/latex/ncctools/watermark.sty
Package: watermark 2004/12/09 v1.1 Watermarks (NCC)
)

LaTeX Warning: Unused global option(s):
    [letter].

(./manual_axisem1.0.aux

LaTeX Warning: Label `apptable:matrix_op' multiply defined.


LaTeX Warning: Label `eq:scheme_dwdu' multiply defined.


LaTeX Warning: Label `eq:scheme_wu_ax' multiply defined.


LaTeX Warning: Label `eq:global_ode' multiply defined.

)
\openout1 = `manual_axisem1.0.aux'.

LaTeX Font Info:    Checking defaults for OML/cmm/m/it on input line 136.
LaTeX Font Info:    ... okay on input line 136.
LaTeX Font Info:    Checking defaults for T1/cmr/m/n on input line 136.
LaTeX Font Info:    ... okay on input line 136.
LaTeX Font Info:    Checking defaults for OT1/cmr/m/n on input line 136.
LaTeX Font Info:    ... okay on input line 136.
LaTeX Font Info:    Checking defaults for OMS/cmsy/m/n on input line 136.
LaTeX Font Info:    ... okay on input line 136.
LaTeX Font Info:    Checking defaults for OMX/cmex/m/n on input line 136.
LaTeX Font Info:    ... okay on input line 136.
LaTeX Font Info:    Checking defaults for U/cmr/m/n on input line 136.
LaTeX Font Info:    ... okay on input line 136.

*geometry auto-detecting driver*
*geometry detected driver: dvips*
-------------------- Geometry parameters
paper: class default
landscape: --
twocolumn: --
twoside: --
asymmetric: --
h-parts: 92.14519pt, 0.7\paperwidth , 92.14519pt (default)
v-parts: 95.39737pt, 0.7\paperheight , 143.09605pt (default)
hmarginratio: 1:1
vmarginratio: 2:3
lines: --
heightrounded: --
bindingoffset: 0.0pt
truedimen: --
includehead: --
includefoot: --
includemp: --
driver: dvips
-------------------- Page layout dimensions and switches
\paperwidth  614.295pt
\paperheight 794.96999pt
\textwidth  469.47046pt
\textheight 625.96062pt
\oddsidemargin  19.8752pt
\evensidemargin 19.8752pt
\topmargin  -42.67912pt
\headheight 12.0pt
\headsep    25.0pt
\footskip   30.0pt
\marginparwidth 72.26999pt
\marginparsep   10.0pt
\columnsep  10.0pt
\skip\footins  10.0pt plus 4.0pt minus 2.0pt
\hoffset -5.0pt
\voffset 0.0pt
\mag 1000

(1in=72.27pt, 1cm=28.45pt)
-----------------------
LaTeX Font Info:    Try loading font information for U+msa on input line 177.
(/usr/local/texlive/2009/texmf-dist/tex/latex/amsfonts/umsa.fd
File: umsa.fd 2009/06/22 v3.00 AMS symbols A
)
LaTeX Font Info:    Try loading font information for U+msb on input line 177.

(/usr/local/texlive/2009/texmf-dist/tex/latex/amsfonts/umsb.fd
File: umsb.fd 2009/06/22 v3.00 AMS symbols B
)
Underfull \hbox (badness 10000) in paragraph at lines 177--181

 []


Underfull \hbox (badness 10000) in paragraph at lines 182--185

 []


Underfull \hbox (badness 10000) in paragraph at lines 186--188

 []


Underfull \hbox (badness 10000) in paragraph at lines 189--191

 []

LaTeX Font Info:    Try loading font information for OMS+cmr on input line 192.

(/usr/local/texlive/2009/texmf-dist/tex/latex/base/omscmr.fd
File: omscmr.fd 1999/05/25 v2.5h Standard LaTeX font definitions
)
LaTeX Font Info:    Font shape `OMS/cmr/m/n' in size <10.95> not available
(Font)              Font shape `OMS/cmsy/m/n' tried instead on input line 192.
File: snap_cover_red.eps Graphic file (type eps)

<snap_cover_red.eps> [1

] (./manual_axisem1.0.toc

Package Fancyhdr Warning: \headheight is too small (12.0pt): 
 Make it at least 13.59999pt.
 We now make it that large for the rest of the document.
 This may cause the page layout to be inconsistent, however.

[2])
\tf@toc=\write3
\openout3 = `manual_axisem1.0.toc'.

 [3]
Underfull \hbox (badness 10000) in paragraph at lines 212--216

 []


Underfull \hbox (badness 10000) in paragraph at lines 217--222

 []


Underfull \hbox (badness 10000) in paragraph at lines 223--228

 []


Underfull \hbox (badness 10000) in paragraph at lines 229--233

 []


Underfull \hbox (badness 10000) in paragraph at lines 234--237

 []


Underfull \hbox (badness 10000) in paragraph at lines 238--239

 []


Underfull \hbox (badness 10000) in paragraph at lines 242--245

 []


Underfull \hbox (badness 10000) in paragraph at lines 246--248

 []


Underfull \hbox (badness 10000) in paragraph at lines 249--251

 []


Overfull \hbox (2.2321pt too wide) in paragraph at lines 252--255
[]\OT1/cmr/m/n/10.95 (9) Chaljub, E. (2000), \OT1/cmr/m/it/10.95 Mod^^Selisatio
n num^^Serique de la prop-a-ga-tion d'ondes sis-miques en g^^Seom^^Setrie
 []


Underfull \hbox (badness 10000) in paragraph at lines 252--255

 []


Underfull \hbox (badness 10000) in paragraph at lines 262--264

 []

[4]
Underfull \hbox (badness 10000) in paragraph at lines 265--268

 []


Overfull \hbox (1.01782pt too wide) in paragraph at lines 286--287
[]\OT1/cmtt/m/n/10.95 googleearth\OT1/cmr/m/n/10.95 , open \OT1/cmtt/m/n/10.95 
src[]rec[]processed.kml\OT1/cmr/m/n/10.95 , click earth-quake (info), re-ceiver
s (seis-mo-grams). 
 []


Underfull \hbox (badness 10000) in paragraph at lines 296--313

 []

[5]
Overfull \hbox (24.28554pt too wide) in paragraph at lines 329--331
[]\OT1/cmr/m/n/10.95 All vari-ables and con-stants that are needed across mod-u
les are de-fined in files named \OT1/cmtt/m/n/10.95 data[]xxx.f90\OT1/cmr/m/n/1
0.95 ;
 []

[6]
Underfull \hbox (badness 10000) in paragraph at lines 354--358

 []


Underfull \hbox (badness 10000) in paragraph at lines 359--366

 []


Underfull \hbox (badness 10000) in paragraph at lines 367--372

 []

[7] [8]
Underfull \hbox (badness 10000) in paragraph at lines 391--402

 []

File: inparam_mesh.eps Graphic file (type eps)
<inparam_mesh.eps> [9] [10]
Underfull \hbox (badness 10000) in paragraph at lines 502--507

 []


Underfull \hbox (badness 10000) in paragraph at lines 508--513

 []


Overfull \hbox (1.99014pt too wide) in paragraph at lines 514--517
\OT1/cmr/m/n/10.95 Two mod-ules will need to be amended: \OT1/cmtt/m/n/10.95 mo
del[]discontinuities.f90 \OT1/cmr/m/n/10.95 and \OT1/cmtt/m/n/10.95 background[
]models.f90\OT1/cmr/m/n/10.95 .
 []

[11]
Underfull \hbox (badness 10000) in paragraph at lines 532--537

 []


Underfull \hbox (badness 10000) in paragraph at lines 553--558

 []


Underfull \hbox (badness 10000) in paragraph at lines 559--562

 []


Underfull \hbox (badness 10000) in paragraph at lines 563--574

 []

[12]
Underfull \hbox (badness 10000) in paragraph at lines 575--581

 []


Underfull \hbox (badness 10000) in paragraph at lines 582--585

 []

File: mesh_vp_fig.eps Graphic file (type eps)
<mesh_vp_fig.eps>
Overfull \hbox (7.05661pt too wide) in paragraph at lines 595--598
 [] 
 []

[13] [14]
Underfull \hbox (badness 10000) in paragraph at lines 654--659

 []


Underfull \hbox (badness 10000) in paragraph at lines 660--663

 []


Underfull \hbox (badness 10000) in paragraph at lines 664--670

 []

File: inparam.eps Graphic file (type eps)
<inparam.eps>
Overfull \hbox (14.74345pt too wide) in paragraph at lines 673--674
 [] 
 []

[15] [16] [17]
Overfull \hbox (14.93152pt too wide) in paragraph at lines 768--773
[]\OT1/cmr/bx/n/10.95 add het-ero-gene-ity\OT1/cmr/m/n/10.95 : Turn-ing this to
 true in-vokes an ad-di-tional in-put file called \OT1/cmtt/m/n/10.95 inparam[]
hetero\OT1/cmr/m/n/10.95 .
 []


Underfull \hbox (badness 10000) in paragraph at lines 779--784

 []

File: sourceparams.eps Graphic file (type eps)
<sourceparams.eps> [18]
File: CMTSOLUTION.eps Graphic file (type eps)
 <CMTSOLUTION.eps>
Underfull \hbox (badness 10000) in paragraph at lines 827--836

 []

File: stfs.eps Graphic file (type eps)
<stfs.eps>
Overfull \hbox (49.06326pt too wide) in paragraph at lines 849--851
 [] 
 []

[19]
File: power_spectrum_stf.eps Graphic file (type eps)
 <power_spectrum_stf.eps>
Overfull \hbox (49.06326pt too wide) in paragraph at lines 857--858
 [] 
 []


Underfull \hbox (badness 10000) in paragraph at lines 862--875

 []

[20]
Underfull \hbox (badness 10000) in paragraph at lines 876--883

 []


Underfull \hbox (badness 10000) in paragraph at lines 884--888

 []

[21]
File: inparam_hetero.eps Graphic file (type eps)
 <inparam_hetero.eps>
Overfull \hbox (8.77324pt too wide) in paragraph at lines 905--914
\OT1/cmr/m/n/10.95 If the boolean \OT1/cmtt/m/n/10.95 add[]heterogeneities \OT1
/cmr/m/n/10.95 in \OT1/cmtt/m/n/10.95 inparam \OT1/cmr/m/n/10.95 is set to true
, then a file named \OT1/cmtt/m/n/10.95 inparam[]hetero.dat
 []


Underfull \hbox (badness 10000) in paragraph at lines 905--914

 []


Underfull \hbox (badness 10000) in paragraph at lines 927--929

 []

[22]
Underfull \hbox (badness 10000) in paragraph at lines 945--951

 []


Underfull \hbox (badness 10000) in paragraph at lines 966--972

 []


Underfull \hbox (badness 10000) in paragraph at lines 979--983

 []


Underfull \hbox (badness 10000) in paragraph at lines 991--996

 []

[23]
Underfull \hbox (badness 10000) in paragraph at lines 997--1008

 []


Underfull \hbox (badness 10000) in paragraph at lines 1033--1042

 []


Underfull \hbox (badness 10000) in paragraph at lines 1043--1055

 []

[24]
Underfull \hbox (badness 10000) in paragraph at lines 1056--1061

 []


Overfull \hbox (23.64886pt too wide) in paragraph at lines 1062--1067
\OT1/cmr/m/n/10.95 Similar to snap-shots, but the strain ten-sor needs to be co
m-puted on the fly first, see \OT1/cmtt/m/n/10.95 time[]evol[]wave.f90\OT1/cmr/
m/n/10.95 .
 []


Overfull \hbox (5.38107pt too wide) in paragraph at lines 1095--1099
\OT1/cmr/m/n/10.95 pro-pri-ately ac-co-mo-dat-ing the Gauss-Lobatto-Jacobi ba-s
is near the axis, check \OT1/cmtt/m/n/10.95 discont[]meshing.f90
 []


Underfull \hbox (badness 10000) in paragraph at lines 1101--1102

 []

[25]
Underfull \hbox (badness 10000) in paragraph at lines 1103--1105

 []


Underfull \hbox (badness 10000) in paragraph at lines 1106--1113

 []


Underfull \hbox (badness 10000) in paragraph at lines 1114--1119

 []


Underfull \hbox (badness 10000) in paragraph at lines 1120--1121

 []


Underfull \hbox (badness 10000) in paragraph at lines 1122--1123

 []

[26]
Underfull \hbox (badness 10000) in paragraph at lines 1146--1148

 []

File: param_post_processing.eps Graphic file (type eps)
<param_post_processing.eps>
Underfull \hbox (badness 10000) in paragraph at lines 1156--1162

 []

[27]
File: param_snaps.eps Graphic file (type eps)
 <param_snaps.eps>
Underfull \hbox (badness 10000) in paragraph at lines 1172--1180

 []

[28]
Underfull \hbox (badness 10000) in paragraph at lines 1195--1198

 []

File: googleearth_src_rec.eps Graphic file (type eps)
<googleearth_src_rec.eps>
Underfull \hbox (badness 10000) in paragraph at lines 1209--1212

 []


Underfull \hbox (badness 10000) in paragraph at lines 1213--1219

 []

[29]
Underfull \hbox (badness 10000) in paragraph at lines 1229--1230

 []

[30]

Package natbib Warning: Citation `nissen+:07a' on page 31 undefined on input li
ne 1265.


Package natbib Warning: Citation `nissen+:07a' on page 31 undefined on input li
ne 1314.


Package natbib Warning: Citation `KoTr02a' on page 31 undefined on input line 1
330.


Package natbib Warning: Citation `manu04' on page 31 undefined on input line 13
30.


Package natbib Warning: Citation `nissen+:07a' on page 31 undefined on input li
ne 1340.

[31]
File: prem_mesh.eps Graphic file (type eps)
 <prem_mesh.eps>

Package natbib Warning: Citation `nissen+:07a' on page 32 undefined on input li
ne 1401.


LaTeX Warning: Reference `section:spatial_discretization' on page 32 undefined 
on input line 1406.


Package natbib Warning: Citation `prem' on page 32 undefined on input line 1408
.


Package natbib Warning: Citation `nissen+:07b' on page 32 undefined on input li
ne 1422.


Package natbib Warning: Citation `manu03' on page 32 undefined on input line 14
34.


Package natbib Warning: Citation `KaeserDumbser:05' on page 32 undefined on inp
ut line 1436.


Package natbib Warning: Citation `KoTr02a' on page 32 undefined on input line 1
438.


Package natbib Warning: Citation `nissen+:07b' on page 32 undefined on input li
ne 1438.

LaTeX Font Info:    Try loading font information for U+eus on input line 1453.
(/usr/local/texlive/2009/texmf-dist/tex/latex/amsfonts/ueus.fd
File: ueus.fd 2009/06/22 v3.00 Euler Script
) [32] [33]

Package natbib Warning: Citation `nissen+:07b' on page 34 undefined on input li
ne 1468.


Package natbib Warning: Citation `Ampuero+:07' on page 34 undefined on input li
ne 1510.


LaTeX Warning: Reference `section:time_scheme' on page 34 undefined on input li
ne 1512.


LaTeX Warning: Reference `section:time_scheme' on page 34 undefined on input li
ne 1516.

[34]
File: char_times_fig.eps Graphic file (type eps)
 <char_times_fig.eps>

Package natbib Warning: Citation `nissen+:07b' on page 35 undefined on input li
ne 1620.

[35]
File: prem_10sec_coars3_oversampling_rad_el.eps Graphic file (type eps)
 <prem_10sec_coars3_oversampling_rad_el.eps>

Package natbib Warning: Citation `nissen+:07b' on page 36 undefined on input li
ne 1655.


Package natbib Warning: Citation `nissen+:07b' on page 36 undefined on input li
ne 1655.


Package natbib Warning: Citation `KoTr02a' on page 36 undefined on input line 1
682.

[36]

Package natbib Warning: Citation `manuthesis' on page 37 undefined on input lin
e 1688.

File: prem_10sec_coars3_centralregion_period_dt_per_over_dt.eps Graphic file (t
ype eps)
<prem_10sec_coars3_centralregion_period_dt_per_over_dt.eps> [37]

Package natbib Warning: Citation `Ampuero+:07' on page 38 undefined on input li
ne 1741.

[38]
File: cost_fig.eps Graphic file (type eps)
 <cost_fig.eps>

Package natbib Warning: Citation `Ampuero+:07' on page 39 undefined on input li
ne 1793.

File: dd_fig.eps Graphic file (type eps)
<dd_fig.eps> [39]

Package natbib Warning: Citation `TufoFischer:01' on page 40 undefined on input
 line 1864.


Package natbib Warning: Citation `dfm' on page 40 undefined on input line 1864.


File: parallelscaling_both_2.eps Graphic file (type eps)
<parallelscaling_both_2.eps>
File: sum_messages_surf_vol.eps Graphic file (type eps)
 <sum_messages_surf_vol.eps> [40] [41]

Package natbib Warning: Citation `dfm' on page 42 undefined on input line 1981.



Package natbib Warning: Citation `karniadakis' on page 42 undefined on input li
ne 1982.


Package natbib Warning: Citation `KoVi98' on page 42 undefined on input line 19
84.


Package natbib Warning: Citation `KoTr99' on page 42 undefined on input line 19
84.


Package natbib Warning: Citation `KoTr02a' on page 42 undefined on input line 1
984.


Package natbib Warning: Citation `manu03' on page 42 undefined on input line 19
84.


Package natbib Warning: Citation `Chaljub+:06' on page 42 undefined on input li
ne 1985.


Package natbib Warning: Citation `bernardi' on page 42 undefined on input line 
1986.


Package natbib Warning: Citation `fournier04' on page 42 undefined on input lin
e 1986.

File: fig1.eps Graphic file (type eps)
<fig1.eps>

LaTeX Warning: Reference `section:validation' on page 42 undefined on input lin
e 2004.


LaTeX Warning: Reference `section:validation' on page 42 undefined on input lin
e 2004.

[42]

Package natbib Warning: Citation `KoTr02a' on page 43 undefined on input line 2
038.


Package natbib Warning: Citation `manuthesis' on page 43 undefined on input lin
e 2041.


Package natbib Warning: Citation `fournier04' on page 43 undefined on input lin
e 2043.

[43] [44]

LaTeX Warning: Reference `monosmc' on page 45 undefined on input line 2074.


LaTeX Warning: Reference `quadsmc' on page 45 undefined on input line 2074.


LaTeX Warning: Reference `appsection:sem_lib' on page 45 undefined on input lin
e 2086.


Package natbib Warning: Citation `dfm' on page 45 undefined on input line 2088.



LaTeX Warning: Reference `monosmc' on page 45 undefined on input line 2136.


LaTeX Warning: Reference `quadsmc' on page 45 undefined on input line 2136.

[45]

LaTeX Warning: Reference `appsection:stiffness' on page 46 undefined on input l
ine 2181.


Package natbib Warning: Citation `fournier05' on page 46 undefined on input lin
e 2196.


Package natbib Warning: Citation `bernardi' on page 46 undefined on input line 
2196.


LaTeX Warning: Reference `monosmc' on page 46 undefined on input line 2215.


LaTeX Warning: Reference `quadsmc' on page 46 undefined on input line 2215.


LaTeX Warning: Reference `appsection:stiffness' on page 46 undefined on input l
ine 2246.

[46]
File: figa1.eps Graphic file (type eps)
 <figa1.eps>

Package natbib Warning: Citation `fournier04' on page 47 undefined on input lin
e 2274.

[47]

Package natbib Warning: Citation `KoTr99' on page 48 undefined on input line 23
27.


Package natbib Warning: Citation `hughes' on page 48 undefined on input line 23
36.

[48]

Package natbib Warning: Citation `fournierthesis' on page 49 undefined on input
 line 2414.


Package natbib Warning: Citation `bernardi' on page 49 undefined on input line 
2434.


Package natbib Warning: Citation `karniadakis' on page 49 undefined on input li
ne 2434.

[49]

Package natbib Warning: Citation `fournierthesis' on page 50 undefined on input
 line 2495.


LaTeX Warning: Reference `monosmc' on page 50 undefined on input line 2527.


LaTeX Warning: Reference `quadsmc' on page 50 undefined on input line 2527.

[50]

Package natbib Warning: Citation `nissen+:07a' on page 51 undefined on input li
ne 2560.


Package natbib Warning: Citation `fournier04' on page 51 undefined on input lin
e 2560.


Package natbib Warning: Citation `bernardi' on page 51 undefined on input line 
2560.


Package natbib Warning: Citation `dfm' on page 51 undefined on input line 2562.



Package natbib Warning: Citation `dfm' on page 51 undefined on input line 2587.



LaTeX Warning: Reference `monosmc' on page 51 undefined on input line 2588.


LaTeX Warning: Reference `quadsmc' on page 51 undefined on input line 2588.


LaTeX Warning: Reference `monosmc' on page 51 undefined on input line 2613.


LaTeX Warning: Reference `quadsmc' on page 51 undefined on input line 2613.

[51]
File: fig2.eps Graphic file (type eps)
 <fig2.eps>

LaTeX Warning: Reference `eq:time_marching' on page 52 undefined on input line 
2715.


LaTeX Warning: Reference `appsection:stiffness' on page 52 undefined on input l
ine 2784.


LaTeX Warning: Reference `appsection:stiffness' on page 52 undefined on input l
ine 2795.

[52] [53]

LaTeX Warning: Reference `monosmc' on page 54 undefined on input line 2848.


LaTeX Warning: Reference `quadsmc' on page 54 undefined on input line 2848.

[54]

LaTeX Warning: Reference `appsection:stiffness' on page 55 undefined on input l
ine 2938.

[55]
Overfull \hbox (32.80339pt too wide) in paragraph at lines 2956--2985
[][] 
 []

[56]

Package natbib Warning: Citation `dfm' on page 57 undefined on input line 3073.


[57]
Underfull \hbox (badness 10000) in paragraph at lines 3186--3281
[]
 []

[58] [59]

LaTeX Warning: Reference `quadsmc' on page 60 undefined on input line 3443.

[60]

Package natbib Warning: Citation `nissen+:07b' on page 61 undefined on input li
ne 3553.


Package natbib Warning: Citation `nissen+:07b' on page 61 undefined on input li
ne 3569.


Package natbib Warning: Citation `nissen+:07b' on page 61 undefined on input li
ne 3574.

[61]

Package natbib Warning: Citation `nissen+:07b' on page 62 undefined on input li
ne 3625.

File: boundaryplot.eps Graphic file (type eps)
<boundaryplot.eps>

Package natbib Warning: Citation `nissen+:07b' on page 62 undefined on input li
ne 3664.

[62]

Package natbib Warning: Citation `nissen+:07b' on page 63 undefined on input li
ne 3720.


Package natbib Warning: Citation `nissen+:07b' on page 63 undefined on input li
ne 3723.


Overfull \hbox (2.21654pt too wide) in paragraph at lines 3719--3725
\OT1/cmr/m/n/10.95 Upon in-sert-ing the poly-no-mial func-tion rep-re-sen-ta-ti
on of our spectral-element ap-proach (\OT1/cmr/bx/n/10.95 ?\OT1/cmr/m/n/10.95 ,
 eqs (12)--
 []


Package natbib Warning: Citation `KoVi98' on page 63 undefined on input line 37
44.


LaTeX Warning: Reference `appsection:symplectic' on page 63 undefined on input 
line 3749.

[63]

Package natbib Warning: Citation `nissen+:07b' on page 64 undefined on input li
ne 3763.


Package natbib Warning: Citation `manu03' on page 64 undefined on input line 37
64.


Package natbib Warning: Citation `Ampuero+:07' on page 64 undefined on input li
ne 3795.


Package natbib Warning: Citation `omelyan+:02' on page 64 undefined on input li
ne 3796.


Package natbib Warning: Citation `omelyan+:03' on page 64 undefined on input li
ne 3796.

[64]

LaTeX Warning: Reference `appsection:symplectic' on page 65 undefined on input 
line 3839.


Package natbib Warning: Citation `Ampuero+:07' on page 65 undefined on input li
ne 3851.


Package natbib Warning: Citation `nissen+:07b' on page 65 undefined on input li
ne 3904.

[65] [66]
File: timing_vs_timeloop.eps Graphic file (type eps)
 <timing_vs_timeloop.eps> [67]

Package natbib Warning: There were undefined citations.

[68] (./manual_axisem1.0.aux)

LaTeX Warning: There were undefined references.


LaTeX Warning: There were multiply-defined labels.

 ) 
Here is how much of TeX's memory you used:
 3540 strings out of 493849
 45108 string characters out of 3149230
 125201 words of memory out of 3000000
 6699 multiletter control sequences out of 15000+200000
 18719 words of font info for 70 fonts, out of 3000000 for 9000
 714 hyphenation exceptions out of 8191
 32i,20n,43p,1358b,360s stack positions out of 5000i,500n,10000p,200000b,50000s

Output written on manual_axisem1.0.dvi (68 pages, 327808 bytes).
